14:04:39,838 graphrag.cli.index INFO Logging enabled at C:\Users\shawn\OneDrive - Washington University in St. Louis\Advanced Biotechnology Series book chapter\Upload to GitHub\GraphRAG\Yarrowia_local\logs\indexing-engine.log
14:04:39,840 graphrag.cli.index INFO Starting pipeline run for: 20250304-140439, dry_run=False
14:04:39,840 graphrag.cli.index INFO Using default configuration: {
    "llm": {
        "api_key": "==== REDACTED ====",
        "type": "openai_chat",
        "encoding_model": "cl100k_base",
        "model": "qwen2.5:14b_8k",
        "max_tokens": 8191,
        "temperature": 0.0,
        "top_p": 1.0,
        "n": 1,
        "frequency_penalty": 0.0,
        "presence_penalty": 0.0,
        "request_timeout": 6000.0,
        "api_base": "http://localhost:11434/v1",
        "api_version": null,
        "proxy": null,
        "audience": null,
        "deployment_name": null,
        "model_supports_json": true,
        "tokens_per_minute": 0,
        "requests_per_minute": 0,
        "max_retries": 10,
        "max_retry_wait": 10.0,
        "sleep_on_rate_limit_recommendation": true,
        "concurrent_requests": 25,
        "responses": null
    },
    "parallelization": {
        "stagger": 0.3,
        "num_threads": 50
    },
    "async_mode": "threaded",
    "root_dir": "C:\\Users\\shawn\\OneDrive - Washington University in St. Louis\\Advanced Biotechnology Series book chapter\\Upload to GitHub\\GraphRAG\\Yarrowia_local",
    "reporting": {
        "type": "file",
        "base_dir": "C:\\Users\\shawn\\OneDrive - Washington University in St. Louis\\Advanced Biotechnology Series book chapter\\Upload to GitHub\\GraphRAG\\Yarrowia_local\\logs",
        "storage_account_blob_url": null
    },
    "storage": {
        "type": "file",
        "base_dir": "C:\\Users\\shawn\\OneDrive - Washington University in St. Louis\\Advanced Biotechnology Series book chapter\\Upload to GitHub\\GraphRAG\\Yarrowia_local\\output",
        "storage_account_blob_url": null,
        "cosmosdb_account_url": null
    },
    "update_index_storage": null,
    "cache": {
        "type": "file",
        "base_dir": "cache",
        "storage_account_blob_url": null,
        "cosmosdb_account_url": null
    },
    "input": {
        "type": "file",
        "file_type": "text",
        "base_dir": "input",
        "storage_account_blob_url": null,
        "encoding": "utf-8",
        "file_pattern": ".*\\.txt$",
        "file_filter": null,
        "source_column": null,
        "timestamp_column": null,
        "timestamp_format": null,
        "text_column": "text",
        "title_column": null,
        "document_attribute_columns": []
    },
    "embed_graph": {
        "enabled": false,
        "dimensions": 1536,
        "num_walks": 10,
        "walk_length": 40,
        "window_size": 2,
        "iterations": 3,
        "random_seed": 597832,
        "use_lcc": true
    },
    "embeddings": {
        "llm": {
            "api_key": "==== REDACTED ====",
            "type": "openai_embedding",
            "encoding_model": "cl100k_base",
            "model": "qwen2.5:14b_8k",
            "max_tokens": 4000,
            "temperature": 0,
            "top_p": 1,
            "n": 1,
            "frequency_penalty": 0.0,
            "presence_penalty": 0.0,
            "request_timeout": 180.0,
            "api_base": "http://localhost:11434/v1",
            "api_version": null,
            "proxy": null,
            "audience": null,
            "deployment_name": null,
            "model_supports_json": null,
            "tokens_per_minute": 0,
            "requests_per_minute": 0,
            "max_retries": 10,
            "max_retry_wait": 10.0,
            "sleep_on_rate_limit_recommendation": true,
            "concurrent_requests": 25,
            "responses": null
        },
        "parallelization": {
            "stagger": 0.3,
            "num_threads": 50
        },
        "async_mode": "threaded",
        "batch_size": 16,
        "batch_max_tokens": 8191,
        "target": "required",
        "skip": [],
        "vector_store": {
            "type": "lancedb",
            "db_uri": "C:\\Users\\shawn\\OneDrive - Washington University in St. Louis\\Advanced Biotechnology Series book chapter\\Upload to GitHub\\GraphRAG\\Yarrowia_local\\output\\lancedb",
            "container_name": "==== REDACTED ====",
            "overwrite": true
        },
        "strategy": null
    },
    "chunks": {
        "size": 600,
        "overlap": 100,
        "group_by_columns": [
            "id"
        ],
        "strategy": "tokens",
        "encoding_model": "cl100k_base"
    },
    "snapshots": {
        "embeddings": false,
        "graphml": true,
        "transient": false
    },
    "entity_extraction": {
        "llm": {
            "api_key": "==== REDACTED ====",
            "type": "openai_chat",
            "encoding_model": "cl100k_base",
            "model": "qwen2.5:14b_8k",
            "max_tokens": 8191,
            "temperature": 0.0,
            "top_p": 1.0,
            "n": 1,
            "frequency_penalty": 0.0,
            "presence_penalty": 0.0,
            "request_timeout": 6000.0,
            "api_base": "http://localhost:11434/v1",
            "api_version": null,
            "proxy": null,
            "audience": null,
            "deployment_name": null,
            "model_supports_json": true,
            "tokens_per_minute": 0,
            "requests_per_minute": 0,
            "max_retries": 10,
            "max_retry_wait": 10.0,
            "sleep_on_rate_limit_recommendation": true,
            "concurrent_requests": 25,
            "responses": null
        },
        "parallelization": {
            "stagger": 0.3,
            "num_threads": 50
        },
        "async_mode": "threaded",
        "prompt": "prompts/entity_extraction.txt",
        "entity_types": [
            "organization",
            "person",
            "geo",
            "event"
        ],
        "max_gleanings": 1,
        "strategy": null,
        "encoding_model": "cl100k_base"
    },
    "summarize_descriptions": {
        "llm": {
            "api_key": "==== REDACTED ====",
            "type": "openai_chat",
            "encoding_model": "cl100k_base",
            "model": "qwen2.5:14b_8k",
            "max_tokens": 8191,
            "temperature": 0.0,
            "top_p": 1.0,
            "n": 1,
            "frequency_penalty": 0.0,
            "presence_penalty": 0.0,
            "request_timeout": 6000.0,
            "api_base": "http://localhost:11434/v1",
            "api_version": null,
            "proxy": null,
            "audience": null,
            "deployment_name": null,
            "model_supports_json": true,
            "tokens_per_minute": 0,
            "requests_per_minute": 0,
            "max_retries": 10,
            "max_retry_wait": 10.0,
            "sleep_on_rate_limit_recommendation": true,
            "concurrent_requests": 25,
            "responses": null
        },
        "parallelization": {
            "stagger": 0.3,
            "num_threads": 50
        },
        "async_mode": "threaded",
        "prompt": "prompts/summarize_descriptions.txt",
        "max_length": 500,
        "strategy": null
    },
    "community_reports": {
        "llm": {
            "api_key": "==== REDACTED ====",
            "type": "openai_chat",
            "encoding_model": "cl100k_base",
            "model": "qwen2.5:14b_8k",
            "max_tokens": 8191,
            "temperature": 0.0,
            "top_p": 1.0,
            "n": 1,
            "frequency_penalty": 0.0,
            "presence_penalty": 0.0,
            "request_timeout": 6000.0,
            "api_base": "http://localhost:11434/v1",
            "api_version": null,
            "proxy": null,
            "audience": null,
            "deployment_name": null,
            "model_supports_json": true,
            "tokens_per_minute": 0,
            "requests_per_minute": 0,
            "max_retries": 10,
            "max_retry_wait": 10.0,
            "sleep_on_rate_limit_recommendation": true,
            "concurrent_requests": 25,
            "responses": null
        },
        "parallelization": {
            "stagger": 0.3,
            "num_threads": 50
        },
        "async_mode": "threaded",
        "prompt": "prompts/community_report.txt",
        "max_length": 2000,
        "max_input_length": 8000,
        "strategy": null
    },
    "claim_extraction": {
        "llm": {
            "api_key": "==== REDACTED ====",
            "type": "openai_chat",
            "encoding_model": "cl100k_base",
            "model": "qwen2.5:14b_8k",
            "max_tokens": 8191,
            "temperature": 0.0,
            "top_p": 1.0,
            "n": 1,
            "frequency_penalty": 0.0,
            "presence_penalty": 0.0,
            "request_timeout": 6000.0,
            "api_base": "http://localhost:11434/v1",
            "api_version": null,
            "proxy": null,
            "audience": null,
            "deployment_name": null,
            "model_supports_json": true,
            "tokens_per_minute": 0,
            "requests_per_minute": 0,
            "max_retries": 10,
            "max_retry_wait": 10.0,
            "sleep_on_rate_limit_recommendation": true,
            "concurrent_requests": 25,
            "responses": null
        },
        "parallelization": {
            "stagger": 0.3,
            "num_threads": 50
        },
        "async_mode": "threaded",
        "enabled": false,
        "prompt": "prompts/claim_extraction.txt",
        "description": "Any claims or facts that could be relevant to information discovery.",
        "max_gleanings": 1,
        "strategy": null,
        "encoding_model": "cl100k_base"
    },
    "cluster_graph": {
        "max_cluster_size": 10,
        "use_lcc": true,
        "seed": 3735928559
    },
    "umap": {
        "enabled": false
    },
    "local_search": {
        "prompt": "prompts/local_search_system_prompt.txt",
        "text_unit_prop": 0.5,
        "community_prop": 0.15,
        "conversation_history_max_turns": 5,
        "top_k_entities": 10,
        "top_k_relationships": 10,
        "temperature": 0.0,
        "top_p": 1.0,
        "n": 1,
        "max_tokens": 12000,
        "llm_max_tokens": 2000
    },
    "global_search": {
        "map_prompt": "prompts/global_search_map_system_prompt.txt",
        "reduce_prompt": "prompts/global_search_reduce_system_prompt.txt",
        "knowledge_prompt": "prompts/global_search_knowledge_system_prompt.txt",
        "temperature": 0.0,
        "top_p": 1.0,
        "n": 1,
        "max_tokens": 12000,
        "data_max_tokens": 12000,
        "map_max_tokens": 1000,
        "reduce_max_tokens": 2000,
        "concurrency": 32,
        "dynamic_search_llm": "gpt-4o-mini",
        "dynamic_search_threshold": 1,
        "dynamic_search_keep_parent": false,
        "dynamic_search_num_repeats": 1,
        "dynamic_search_use_summary": false,
        "dynamic_search_concurrent_coroutines": 16,
        "dynamic_search_max_level": 2
    },
    "drift_search": {
        "prompt": "prompts/drift_search_system_prompt.txt",
        "temperature": 0.0,
        "top_p": 1.0,
        "n": 3,
        "max_tokens": 12000,
        "data_max_tokens": 12000,
        "concurrency": 32,
        "drift_k_followups": 20,
        "primer_folds": 5,
        "primer_llm_max_tokens": 12000,
        "n_depth": 3,
        "local_search_text_unit_prop": 0.9,
        "local_search_community_prop": 0.1,
        "local_search_top_k_mapped_entities": 10,
        "local_search_top_k_relationships": 10,
        "local_search_max_data_tokens": 12000,
        "local_search_temperature": 0.0,
        "local_search_top_p": 1.0,
        "local_search_n": 1,
        "local_search_llm_max_gen_tokens": 2000
    },
    "basic_search": {
        "prompt": "prompts/basic_search_system_prompt.txt",
        "text_unit_prop": 0.5,
        "conversation_history_max_turns": 5,
        "temperature": 0.0,
        "top_p": 1.0,
        "n": 1,
        "max_tokens": 12000,
        "llm_max_tokens": 2000
    },
    "encoding_model": "cl100k_base",
    "skip_workflows": []
}
14:04:39,840 graphrag.storage.file_pipeline_storage INFO Creating file storage at C:\Users\shawn\OneDrive - Washington University in St. Louis\Advanced Biotechnology Series book chapter\Upload to GitHub\GraphRAG\Yarrowia_local\output
14:04:39,841 graphrag.index.input.factory INFO loading input from root_dir=input
14:04:39,841 graphrag.index.input.factory INFO using file storage for input
14:04:39,842 graphrag.storage.file_pipeline_storage INFO search C:\Users\shawn\OneDrive - Washington University in St. Louis\Advanced Biotechnology Series book chapter\Upload to GitHub\GraphRAG\Yarrowia_local\input for files matching .*\.txt$
14:04:39,842 graphrag.index.input.text INFO found text files from input, found [('yarrowia_carotene_pubmed_search_results.txt', {})]
14:04:39,843 graphrag.index.input.text INFO Found 1 files, loading 1
14:04:39,845 graphrag.index.run.run_workflows INFO Final # of rows loaded: 1
14:04:39,853 graphrag.utils.storage INFO reading table from storage: input.parquet
14:04:40,481 graphrag.utils.storage INFO reading table from storage: input.parquet
14:04:40,483 graphrag.utils.storage INFO reading table from storage: create_base_text_units.parquet
14:04:40,572 graphrag.utils.storage INFO reading table from storage: create_base_text_units.parquet
14:05:00,572 httpx INFO HTTP Request: POST http://localhost:11434/v1/chat/completions "HTTP/1.1 200 OK"
14:07:26,9 httpx INFO HTTP Request: POST http://localhost:11434/v1/chat/completions "HTTP/1.1 200 OK"
14:07:46,846 httpx INFO HTTP Request: POST http://localhost:11434/v1/chat/completions "HTTP/1.1 200 OK"
14:08:01,339 httpx INFO HTTP Request: POST http://localhost:11434/v1/chat/completions "HTTP/1.1 200 OK"
14:08:16,750 httpx INFO HTTP Request: POST http://localhost:11434/v1/chat/completions "HTTP/1.1 200 OK"
14:10:43,15 httpx INFO HTTP Request: POST http://localhost:11434/v1/chat/completions "HTTP/1.1 200 OK"
14:10:57,765 httpx INFO HTTP Request: POST http://localhost:11434/v1/chat/completions "HTTP/1.1 200 OK"
14:11:09,600 httpx INFO HTTP Request: POST http://localhost:11434/v1/chat/completions "HTTP/1.1 200 OK"
14:11:21,995 httpx INFO HTTP Request: POST http://localhost:11434/v1/chat/completions "HTTP/1.1 200 OK"
14:11:41,339 httpx INFO HTTP Request: POST http://localhost:11434/v1/chat/completions "HTTP/1.1 200 OK"
14:11:56,765 httpx INFO HTTP Request: POST http://localhost:11434/v1/chat/completions "HTTP/1.1 200 OK"
14:12:14,732 httpx INFO HTTP Request: POST http://localhost:11434/v1/chat/completions "HTTP/1.1 200 OK"
14:12:30,176 httpx INFO HTTP Request: POST http://localhost:11434/v1/chat/completions "HTTP/1.1 200 OK"
14:12:45,677 httpx INFO HTTP Request: POST http://localhost:11434/v1/chat/completions "HTTP/1.1 200 OK"
14:13:01,746 httpx INFO HTTP Request: POST http://localhost:11434/v1/chat/completions "HTTP/1.1 200 OK"
14:13:13,404 httpx INFO HTTP Request: POST http://localhost:11434/v1/chat/completions "HTTP/1.1 200 OK"
14:15:38,481 httpx INFO HTTP Request: POST http://localhost:11434/v1/chat/completions "HTTP/1.1 200 OK"
14:15:50,41 httpx INFO HTTP Request: POST http://localhost:11434/v1/chat/completions "HTTP/1.1 200 OK"
14:16:01,986 httpx INFO HTTP Request: POST http://localhost:11434/v1/chat/completions "HTTP/1.1 200 OK"
14:16:18,239 httpx INFO HTTP Request: POST http://localhost:11434/v1/chat/completions "HTTP/1.1 200 OK"
14:16:36,381 httpx INFO HTTP Request: POST http://localhost:11434/v1/chat/completions "HTTP/1.1 200 OK"
14:16:58,122 httpx INFO HTTP Request: POST http://localhost:11434/v1/chat/completions "HTTP/1.1 200 OK"
14:19:22,270 httpx INFO HTTP Request: POST http://localhost:11434/v1/chat/completions "HTTP/1.1 200 OK"
14:19:43,636 httpx INFO HTTP Request: POST http://localhost:11434/v1/chat/completions "HTTP/1.1 200 OK"
14:19:56,111 httpx INFO HTTP Request: POST http://localhost:11434/v1/chat/completions "HTTP/1.1 200 OK"
14:20:18,272 httpx INFO HTTP Request: POST http://localhost:11434/v1/chat/completions "HTTP/1.1 200 OK"
14:20:36,337 httpx INFO HTTP Request: POST http://localhost:11434/v1/chat/completions "HTTP/1.1 200 OK"
14:20:51,572 httpx INFO HTTP Request: POST http://localhost:11434/v1/chat/completions "HTTP/1.1 200 OK"
14:21:03,379 httpx INFO HTTP Request: POST http://localhost:11434/v1/chat/completions "HTTP/1.1 200 OK"
14:21:14,162 httpx INFO HTTP Request: POST http://localhost:11434/v1/chat/completions "HTTP/1.1 200 OK"
14:21:25,553 httpx INFO HTTP Request: POST http://localhost:11434/v1/chat/completions "HTTP/1.1 200 OK"
14:21:56,130 httpx INFO HTTP Request: POST http://localhost:11434/v1/chat/completions "HTTP/1.1 200 OK"
14:22:16,207 httpx INFO HTTP Request: POST http://localhost:11434/v1/chat/completions "HTTP/1.1 200 OK"
14:22:30,137 httpx INFO HTTP Request: POST http://localhost:11434/v1/chat/completions "HTTP/1.1 200 OK"
14:22:43,126 httpx INFO HTTP Request: POST http://localhost:11434/v1/chat/completions "HTTP/1.1 200 OK"
14:22:55,69 httpx INFO HTTP Request: POST http://localhost:11434/v1/chat/completions "HTTP/1.1 200 OK"
14:23:20,263 httpx INFO HTTP Request: POST http://localhost:11434/v1/chat/completions "HTTP/1.1 200 OK"
14:23:32,218 httpx INFO HTTP Request: POST http://localhost:11434/v1/chat/completions "HTTP/1.1 200 OK"
14:23:49,452 httpx INFO HTTP Request: POST http://localhost:11434/v1/chat/completions "HTTP/1.1 200 OK"
14:24:11,515 httpx INFO HTTP Request: POST http://localhost:11434/v1/chat/completions "HTTP/1.1 200 OK"
14:24:23,910 httpx INFO HTTP Request: POST http://localhost:11434/v1/chat/completions "HTTP/1.1 200 OK"
14:24:34,802 httpx INFO HTTP Request: POST http://localhost:11434/v1/chat/completions "HTTP/1.1 200 OK"
14:24:45,259 httpx INFO HTTP Request: POST http://localhost:11434/v1/chat/completions "HTTP/1.1 200 OK"
14:25:01,711 httpx INFO HTTP Request: POST http://localhost:11434/v1/chat/completions "HTTP/1.1 200 OK"
14:25:10,541 httpx INFO HTTP Request: POST http://localhost:11434/v1/chat/completions "HTTP/1.1 200 OK"
14:25:25,933 httpx INFO HTTP Request: POST http://localhost:11434/v1/chat/completions "HTTP/1.1 200 OK"
14:25:43,955 httpx INFO HTTP Request: POST http://localhost:11434/v1/chat/completions "HTTP/1.1 200 OK"
14:25:55,729 httpx INFO HTTP Request: POST http://localhost:11434/v1/chat/completions "HTTP/1.1 200 OK"
14:26:07,81 httpx INFO HTTP Request: POST http://localhost:11434/v1/chat/completions "HTTP/1.1 200 OK"
14:26:17,409 httpx INFO HTTP Request: POST http://localhost:11434/v1/chat/completions "HTTP/1.1 200 OK"
14:26:23,202 httpx INFO HTTP Request: POST http://localhost:11434/v1/chat/completions "HTTP/1.1 200 OK"
14:26:23,952 httpx INFO HTTP Request: POST http://localhost:11434/v1/chat/completions "HTTP/1.1 200 OK"
14:26:56,464 httpx INFO HTTP Request: POST http://localhost:11434/v1/chat/completions "HTTP/1.1 200 OK"
14:27:02,478 httpx INFO HTTP Request: POST http://localhost:11434/v1/chat/completions "HTTP/1.1 200 OK"
14:27:09,549 httpx INFO HTTP Request: POST http://localhost:11434/v1/chat/completions "HTTP/1.1 200 OK"
14:27:10,303 httpx INFO HTTP Request: POST http://localhost:11434/v1/chat/completions "HTTP/1.1 200 OK"
14:27:19,760 httpx INFO HTTP Request: POST http://localhost:11434/v1/chat/completions "HTTP/1.1 200 OK"
14:27:32,565 httpx INFO HTTP Request: POST http://localhost:11434/v1/chat/completions "HTTP/1.1 200 OK"
14:27:56,845 httpx INFO HTTP Request: POST http://localhost:11434/v1/chat/completions "HTTP/1.1 200 OK"
14:28:25,360 httpx INFO HTTP Request: POST http://localhost:11434/v1/chat/completions "HTTP/1.1 200 OK"
14:28:36,765 httpx INFO HTTP Request: POST http://localhost:11434/v1/chat/completions "HTTP/1.1 200 OK"
14:28:52,46 httpx INFO HTTP Request: POST http://localhost:11434/v1/chat/completions "HTTP/1.1 200 OK"
14:29:14,655 httpx INFO HTTP Request: POST http://localhost:11434/v1/chat/completions "HTTP/1.1 200 OK"
14:29:46,302 httpx INFO HTTP Request: POST http://localhost:11434/v1/chat/completions "HTTP/1.1 200 OK"
14:29:52,12 httpx INFO HTTP Request: POST http://localhost:11434/v1/chat/completions "HTTP/1.1 200 OK"
14:30:01,488 httpx INFO HTTP Request: POST http://localhost:11434/v1/chat/completions "HTTP/1.1 200 OK"
14:30:02,260 httpx INFO HTTP Request: POST http://localhost:11434/v1/chat/completions "HTTP/1.1 200 OK"
14:30:10,82 httpx INFO HTTP Request: POST http://localhost:11434/v1/chat/completions "HTTP/1.1 200 OK"
14:30:35,767 httpx INFO HTTP Request: POST http://localhost:11434/v1/chat/completions "HTTP/1.1 200 OK"
14:31:37,443 httpx INFO HTTP Request: POST http://localhost:11434/v1/chat/completions "HTTP/1.1 200 OK"
14:31:46,692 httpx INFO HTTP Request: POST http://localhost:11434/v1/chat/completions "HTTP/1.1 200 OK"
14:31:59,217 httpx INFO HTTP Request: POST http://localhost:11434/v1/chat/completions "HTTP/1.1 200 OK"
14:31:59,971 httpx INFO HTTP Request: POST http://localhost:11434/v1/chat/completions "HTTP/1.1 200 OK"
14:32:09,809 httpx INFO HTTP Request: POST http://localhost:11434/v1/chat/completions "HTTP/1.1 200 OK"
14:32:16,429 httpx INFO HTTP Request: POST http://localhost:11434/v1/chat/completions "HTTP/1.1 200 OK"
14:32:27,800 httpx INFO HTTP Request: POST http://localhost:11434/v1/chat/completions "HTTP/1.1 200 OK"
14:32:52,717 httpx INFO HTTP Request: POST http://localhost:11434/v1/chat/completions "HTTP/1.1 200 OK"
14:33:05,740 httpx INFO HTTP Request: POST http://localhost:11434/v1/chat/completions "HTTP/1.1 200 OK"
14:33:26,559 httpx INFO HTTP Request: POST http://localhost:11434/v1/chat/completions "HTTP/1.1 200 OK"
14:33:35,157 httpx INFO HTTP Request: POST http://localhost:11434/v1/chat/completions "HTTP/1.1 200 OK"
14:34:16,329 httpx INFO HTTP Request: POST http://localhost:11434/v1/chat/completions "HTTP/1.1 200 OK"
14:34:22,956 httpx INFO HTTP Request: POST http://localhost:11434/v1/chat/completions "HTTP/1.1 200 OK"
14:34:39,977 httpx INFO HTTP Request: POST http://localhost:11434/v1/chat/completions "HTTP/1.1 200 OK"
14:34:46,762 httpx INFO HTTP Request: POST http://localhost:11434/v1/chat/completions "HTTP/1.1 200 OK"
14:34:55,282 httpx INFO HTTP Request: POST http://localhost:11434/v1/chat/completions "HTTP/1.1 200 OK"
14:35:29,446 httpx INFO HTTP Request: POST http://localhost:11434/v1/chat/completions "HTTP/1.1 200 OK"
14:36:06,429 httpx INFO HTTP Request: POST http://localhost:11434/v1/chat/completions "HTTP/1.1 200 OK"
14:36:15,577 httpx INFO HTTP Request: POST http://localhost:11434/v1/chat/completions "HTTP/1.1 200 OK"
14:36:19,94 httpx INFO HTTP Request: POST http://localhost:11434/v1/chat/completions "HTTP/1.1 200 OK"
14:36:55,26 httpx INFO HTTP Request: POST http://localhost:11434/v1/chat/completions "HTTP/1.1 200 OK"
14:39:23,49 httpx INFO HTTP Request: POST http://localhost:11434/v1/chat/completions "HTTP/1.1 200 OK"
14:39:37,925 httpx INFO HTTP Request: POST http://localhost:11434/v1/chat/completions "HTTP/1.1 200 OK"
14:39:45,993 httpx INFO HTTP Request: POST http://localhost:11434/v1/chat/completions "HTTP/1.1 200 OK"
14:39:54,115 httpx INFO HTTP Request: POST http://localhost:11434/v1/chat/completions "HTTP/1.1 200 OK"
14:40:02,218 httpx INFO HTTP Request: POST http://localhost:11434/v1/chat/completions "HTTP/1.1 200 OK"
14:40:12,29 httpx INFO HTTP Request: POST http://localhost:11434/v1/chat/completions "HTTP/1.1 200 OK"
14:40:19,667 httpx INFO HTTP Request: POST http://localhost:11434/v1/chat/completions "HTTP/1.1 200 OK"
14:40:39,738 httpx INFO HTTP Request: POST http://localhost:11434/v1/chat/completions "HTTP/1.1 200 OK"
14:41:01,244 httpx INFO HTTP Request: POST http://localhost:11434/v1/chat/completions "HTTP/1.1 200 OK"
14:41:11,566 httpx INFO HTTP Request: POST http://localhost:11434/v1/chat/completions "HTTP/1.1 200 OK"
14:41:23,205 httpx INFO HTTP Request: POST http://localhost:11434/v1/chat/completions "HTTP/1.1 200 OK"
14:41:37,735 httpx INFO HTTP Request: POST http://localhost:11434/v1/chat/completions "HTTP/1.1 200 OK"
14:44:01,478 httpx INFO HTTP Request: POST http://localhost:11434/v1/chat/completions "HTTP/1.1 200 OK"
14:44:17,482 httpx INFO HTTP Request: POST http://localhost:11434/v1/chat/completions "HTTP/1.1 200 OK"
14:44:33,585 httpx INFO HTTP Request: POST http://localhost:11434/v1/chat/completions "HTTP/1.1 200 OK"
14:44:52,593 httpx INFO HTTP Request: POST http://localhost:11434/v1/chat/completions "HTTP/1.1 200 OK"
14:45:02,134 httpx INFO HTTP Request: POST http://localhost:11434/v1/chat/completions "HTTP/1.1 200 OK"
14:45:17,8 httpx INFO HTTP Request: POST http://localhost:11434/v1/chat/completions "HTTP/1.1 200 OK"
14:45:44,46 httpx INFO HTTP Request: POST http://localhost:11434/v1/chat/completions "HTTP/1.1 200 OK"
14:45:54,163 httpx INFO HTTP Request: POST http://localhost:11434/v1/chat/completions "HTTP/1.1 200 OK"
14:46:05,863 httpx INFO HTTP Request: POST http://localhost:11434/v1/chat/completions "HTTP/1.1 200 OK"
14:46:20,727 httpx INFO HTTP Request: POST http://localhost:11434/v1/chat/completions "HTTP/1.1 200 OK"
14:46:26,865 httpx INFO HTTP Request: POST http://localhost:11434/v1/chat/completions "HTTP/1.1 200 OK"
14:46:40,455 httpx INFO HTTP Request: POST http://localhost:11434/v1/chat/completions "HTTP/1.1 200 OK"
14:46:47,448 httpx INFO HTTP Request: POST http://localhost:11434/v1/chat/completions "HTTP/1.1 200 OK"
14:46:55,981 httpx INFO HTTP Request: POST http://localhost:11434/v1/chat/completions "HTTP/1.1 200 OK"
14:46:56,734 httpx INFO HTTP Request: POST http://localhost:11434/v1/chat/completions "HTTP/1.1 200 OK"
14:47:02,220 httpx INFO HTTP Request: POST http://localhost:11434/v1/chat/completions "HTTP/1.1 200 OK"
14:47:14,350 httpx INFO HTTP Request: POST http://localhost:11434/v1/chat/completions "HTTP/1.1 200 OK"
14:47:45,653 httpx INFO HTTP Request: POST http://localhost:11434/v1/chat/completions "HTTP/1.1 200 OK"
14:48:44,707 httpx INFO HTTP Request: POST http://localhost:11434/v1/chat/completions "HTTP/1.1 200 OK"
14:48:53,202 httpx INFO HTTP Request: POST http://localhost:11434/v1/chat/completions "HTTP/1.1 200 OK"
14:49:03,286 httpx INFO HTTP Request: POST http://localhost:11434/v1/chat/completions "HTTP/1.1 200 OK"
14:49:14,613 httpx INFO HTTP Request: POST http://localhost:11434/v1/chat/completions "HTTP/1.1 200 OK"
14:49:36,635 httpx INFO HTTP Request: POST http://localhost:11434/v1/chat/completions "HTTP/1.1 200 OK"
14:50:16,169 httpx INFO HTTP Request: POST http://localhost:11434/v1/chat/completions "HTTP/1.1 200 OK"
14:50:28,603 httpx INFO HTTP Request: POST http://localhost:11434/v1/chat/completions "HTTP/1.1 200 OK"
14:50:31,564 httpx INFO HTTP Request: POST http://localhost:11434/v1/chat/completions "HTTP/1.1 200 OK"
14:50:34,322 httpx INFO HTTP Request: POST http://localhost:11434/v1/chat/completions "HTTP/1.1 200 OK"
14:50:42,376 httpx INFO HTTP Request: POST http://localhost:11434/v1/chat/completions "HTTP/1.1 200 OK"
14:50:43,904 httpx INFO HTTP Request: POST http://localhost:11434/v1/chat/completions "HTTP/1.1 200 OK"
14:50:46,236 httpx INFO HTTP Request: POST http://localhost:11434/v1/chat/completions "HTTP/1.1 200 OK"
14:50:50,340 httpx INFO HTTP Request: POST http://localhost:11434/v1/chat/completions "HTTP/1.1 200 OK"
14:50:51,875 httpx INFO HTTP Request: POST http://localhost:11434/v1/chat/completions "HTTP/1.1 200 OK"
14:50:55,99 httpx INFO HTTP Request: POST http://localhost:11434/v1/chat/completions "HTTP/1.1 200 OK"
14:51:01,771 httpx INFO HTTP Request: POST http://localhost:11434/v1/chat/completions "HTTP/1.1 200 OK"
14:51:03,915 httpx INFO HTTP Request: POST http://localhost:11434/v1/chat/completions "HTTP/1.1 200 OK"
14:51:05,184 httpx INFO HTTP Request: POST http://localhost:11434/v1/chat/completions "HTTP/1.1 200 OK"
14:51:09,855 httpx INFO HTTP Request: POST http://localhost:11434/v1/chat/completions "HTTP/1.1 200 OK"
14:51:12,161 httpx INFO HTTP Request: POST http://localhost:11434/v1/chat/completions "HTTP/1.1 200 OK"
14:51:14,363 httpx INFO HTTP Request: POST http://localhost:11434/v1/chat/completions "HTTP/1.1 200 OK"
14:51:17,707 httpx INFO HTTP Request: POST http://localhost:11434/v1/chat/completions "HTTP/1.1 200 OK"
14:51:19,875 httpx INFO HTTP Request: POST http://localhost:11434/v1/chat/completions "HTTP/1.1 200 OK"
14:51:21,190 httpx INFO HTTP Request: POST http://localhost:11434/v1/chat/completions "HTTP/1.1 200 OK"
14:51:22,856 httpx INFO HTTP Request: POST http://localhost:11434/v1/chat/completions "HTTP/1.1 200 OK"
14:51:24,270 httpx INFO HTTP Request: POST http://localhost:11434/v1/chat/completions "HTTP/1.1 200 OK"
14:51:25,683 httpx INFO HTTP Request: POST http://localhost:11434/v1/chat/completions "HTTP/1.1 200 OK"
14:51:28,570 httpx INFO HTTP Request: POST http://localhost:11434/v1/chat/completions "HTTP/1.1 200 OK"
14:51:30,124 httpx INFO HTTP Request: POST http://localhost:11434/v1/chat/completions "HTTP/1.1 200 OK"
14:51:31,952 httpx INFO HTTP Request: POST http://localhost:11434/v1/chat/completions "HTTP/1.1 200 OK"
14:51:33,619 httpx INFO HTTP Request: POST http://localhost:11434/v1/chat/completions "HTTP/1.1 200 OK"
14:51:35,511 httpx INFO HTTP Request: POST http://localhost:11434/v1/chat/completions "HTTP/1.1 200 OK"
14:51:36,659 httpx INFO HTTP Request: POST http://localhost:11434/v1/chat/completions "HTTP/1.1 200 OK"
14:51:38,578 httpx INFO HTTP Request: POST http://localhost:11434/v1/chat/completions "HTTP/1.1 200 OK"
14:51:39,896 httpx INFO HTTP Request: POST http://localhost:11434/v1/chat/completions "HTTP/1.1 200 OK"
14:51:41,924 httpx INFO HTTP Request: POST http://localhost:11434/v1/chat/completions "HTTP/1.1 200 OK"
14:51:43,604 httpx INFO HTTP Request: POST http://localhost:11434/v1/chat/completions "HTTP/1.1 200 OK"
14:51:46,126 httpx INFO HTTP Request: POST http://localhost:11434/v1/chat/completions "HTTP/1.1 200 OK"
14:51:47,955 httpx INFO HTTP Request: POST http://localhost:11434/v1/chat/completions "HTTP/1.1 200 OK"
14:51:51,490 httpx INFO HTTP Request: POST http://localhost:11434/v1/chat/completions "HTTP/1.1 200 OK"
14:51:53,62 httpx INFO HTTP Request: POST http://localhost:11434/v1/chat/completions "HTTP/1.1 200 OK"
14:51:56,722 httpx INFO HTTP Request: POST http://localhost:11434/v1/chat/completions "HTTP/1.1 200 OK"
14:51:57,917 httpx INFO HTTP Request: POST http://localhost:11434/v1/chat/completions "HTTP/1.1 200 OK"
14:51:59,621 httpx INFO HTTP Request: POST http://localhost:11434/v1/chat/completions "HTTP/1.1 200 OK"
14:52:00,870 httpx INFO HTTP Request: POST http://localhost:11434/v1/chat/completions "HTTP/1.1 200 OK"
14:52:03,261 httpx INFO HTTP Request: POST http://localhost:11434/v1/chat/completions "HTTP/1.1 200 OK"
14:52:04,845 httpx INFO HTTP Request: POST http://localhost:11434/v1/chat/completions "HTTP/1.1 200 OK"
14:52:06,434 httpx INFO HTTP Request: POST http://localhost:11434/v1/chat/completions "HTTP/1.1 200 OK"
14:52:08,165 httpx INFO HTTP Request: POST http://localhost:11434/v1/chat/completions "HTTP/1.1 200 OK"
14:52:10,857 httpx INFO HTTP Request: POST http://localhost:11434/v1/chat/completions "HTTP/1.1 200 OK"
14:52:11,746 httpx INFO HTTP Request: POST http://localhost:11434/v1/chat/completions "HTTP/1.1 200 OK"
14:52:12,796 httpx INFO HTTP Request: POST http://localhost:11434/v1/chat/completions "HTTP/1.1 200 OK"
14:52:14,156 httpx INFO HTTP Request: POST http://localhost:11434/v1/chat/completions "HTTP/1.1 200 OK"
14:52:15,362 httpx INFO HTTP Request: POST http://localhost:11434/v1/chat/completions "HTTP/1.1 200 OK"
14:52:16,804 httpx INFO HTTP Request: POST http://localhost:11434/v1/chat/completions "HTTP/1.1 200 OK"
14:52:18,243 httpx INFO HTTP Request: POST http://localhost:11434/v1/chat/completions "HTTP/1.1 200 OK"
14:52:19,974 httpx INFO HTTP Request: POST http://localhost:11434/v1/chat/completions "HTTP/1.1 200 OK"
14:52:21,348 httpx INFO HTTP Request: POST http://localhost:11434/v1/chat/completions "HTTP/1.1 200 OK"
14:52:22,825 httpx INFO HTTP Request: POST http://localhost:11434/v1/chat/completions "HTTP/1.1 200 OK"
14:52:24,15 httpx INFO HTTP Request: POST http://localhost:11434/v1/chat/completions "HTTP/1.1 200 OK"
14:52:25,412 httpx INFO HTTP Request: POST http://localhost:11434/v1/chat/completions "HTTP/1.1 200 OK"
14:52:28,97 httpx INFO HTTP Request: POST http://localhost:11434/v1/chat/completions "HTTP/1.1 200 OK"
14:52:30,72 httpx INFO HTTP Request: POST http://localhost:11434/v1/chat/completions "HTTP/1.1 200 OK"
14:52:32,130 httpx INFO HTTP Request: POST http://localhost:11434/v1/chat/completions "HTTP/1.1 200 OK"
14:52:34,354 httpx INFO HTTP Request: POST http://localhost:11434/v1/chat/completions "HTTP/1.1 200 OK"
14:52:36,92 httpx INFO HTTP Request: POST http://localhost:11434/v1/chat/completions "HTTP/1.1 200 OK"
14:52:37,654 httpx INFO HTTP Request: POST http://localhost:11434/v1/chat/completions "HTTP/1.1 200 OK"
14:52:39,630 httpx INFO HTTP Request: POST http://localhost:11434/v1/chat/completions "HTTP/1.1 200 OK"
14:52:40,931 httpx INFO HTTP Request: POST http://localhost:11434/v1/chat/completions "HTTP/1.1 200 OK"
14:52:41,859 httpx INFO HTTP Request: POST http://localhost:11434/v1/chat/completions "HTTP/1.1 200 OK"
14:52:43,581 httpx INFO HTTP Request: POST http://localhost:11434/v1/chat/completions "HTTP/1.1 200 OK"
14:52:44,836 httpx INFO HTTP Request: POST http://localhost:11434/v1/chat/completions "HTTP/1.1 200 OK"
14:52:46,568 httpx INFO HTTP Request: POST http://localhost:11434/v1/chat/completions "HTTP/1.1 200 OK"
14:52:47,893 httpx INFO HTTP Request: POST http://localhost:11434/v1/chat/completions "HTTP/1.1 200 OK"
14:52:49,246 httpx INFO HTTP Request: POST http://localhost:11434/v1/chat/completions "HTTP/1.1 200 OK"
14:52:51,53 httpx INFO HTTP Request: POST http://localhost:11434/v1/chat/completions "HTTP/1.1 200 OK"
14:52:52,209 httpx INFO HTTP Request: POST http://localhost:11434/v1/chat/completions "HTTP/1.1 200 OK"
14:52:53,621 httpx INFO HTTP Request: POST http://localhost:11434/v1/chat/completions "HTTP/1.1 200 OK"
14:52:57,595 httpx INFO HTTP Request: POST http://localhost:11434/v1/chat/completions "HTTP/1.1 200 OK"
14:52:59,99 httpx INFO HTTP Request: POST http://localhost:11434/v1/chat/completions "HTTP/1.1 200 OK"
14:53:01,197 httpx INFO HTTP Request: POST http://localhost:11434/v1/chat/completions "HTTP/1.1 200 OK"
14:53:02,670 httpx INFO HTTP Request: POST http://localhost:11434/v1/chat/completions "HTTP/1.1 200 OK"
14:53:04,626 httpx INFO HTTP Request: POST http://localhost:11434/v1/chat/completions "HTTP/1.1 200 OK"
14:53:06,66 httpx INFO HTTP Request: POST http://localhost:11434/v1/chat/completions "HTTP/1.1 200 OK"
14:53:07,609 httpx INFO HTTP Request: POST http://localhost:11434/v1/chat/completions "HTTP/1.1 200 OK"
14:53:09,59 httpx INFO HTTP Request: POST http://localhost:11434/v1/chat/completions "HTTP/1.1 200 OK"
14:53:10,668 httpx INFO HTTP Request: POST http://localhost:11434/v1/chat/completions "HTTP/1.1 200 OK"
14:53:12,612 httpx INFO HTTP Request: POST http://localhost:11434/v1/chat/completions "HTTP/1.1 200 OK"
14:53:14,68 httpx INFO HTTP Request: POST http://localhost:11434/v1/chat/completions "HTTP/1.1 200 OK"
14:53:15,391 httpx INFO HTTP Request: POST http://localhost:11434/v1/chat/completions "HTTP/1.1 200 OK"
14:53:16,509 httpx INFO HTTP Request: POST http://localhost:11434/v1/chat/completions "HTTP/1.1 200 OK"
14:53:17,461 httpx INFO HTTP Request: POST http://localhost:11434/v1/chat/completions "HTTP/1.1 200 OK"
14:53:18,718 httpx INFO HTTP Request: POST http://localhost:11434/v1/chat/completions "HTTP/1.1 200 OK"
14:53:20,330 httpx INFO HTTP Request: POST http://localhost:11434/v1/chat/completions "HTTP/1.1 200 OK"
14:53:22,75 httpx INFO HTTP Request: POST http://localhost:11434/v1/chat/completions "HTTP/1.1 200 OK"
14:53:23,653 httpx INFO HTTP Request: POST http://localhost:11434/v1/chat/completions "HTTP/1.1 200 OK"
14:53:25,267 httpx INFO HTTP Request: POST http://localhost:11434/v1/chat/completions "HTTP/1.1 200 OK"
14:53:26,676 httpx INFO HTTP Request: POST http://localhost:11434/v1/chat/completions "HTTP/1.1 200 OK"
14:53:28,405 httpx INFO HTTP Request: POST http://localhost:11434/v1/chat/completions "HTTP/1.1 200 OK"
14:53:30,181 httpx INFO HTTP Request: POST http://localhost:11434/v1/chat/completions "HTTP/1.1 200 OK"
14:53:32,212 httpx INFO HTTP Request: POST http://localhost:11434/v1/chat/completions "HTTP/1.1 200 OK"
14:53:34,328 httpx INFO HTTP Request: POST http://localhost:11434/v1/chat/completions "HTTP/1.1 200 OK"
14:53:36,8 httpx INFO HTTP Request: POST http://localhost:11434/v1/chat/completions "HTTP/1.1 200 OK"
14:53:37,460 httpx INFO HTTP Request: POST http://localhost:11434/v1/chat/completions "HTTP/1.1 200 OK"
14:53:39,92 httpx INFO HTTP Request: POST http://localhost:11434/v1/chat/completions "HTTP/1.1 200 OK"
14:53:40,817 httpx INFO HTTP Request: POST http://localhost:11434/v1/chat/completions "HTTP/1.1 200 OK"
14:53:41,868 httpx INFO HTTP Request: POST http://localhost:11434/v1/chat/completions "HTTP/1.1 200 OK"
14:53:43,126 httpx INFO HTTP Request: POST http://localhost:11434/v1/chat/completions "HTTP/1.1 200 OK"
14:53:45,450 httpx INFO HTTP Request: POST http://localhost:11434/v1/chat/completions "HTTP/1.1 200 OK"
14:53:47,55 httpx INFO HTTP Request: POST http://localhost:11434/v1/chat/completions "HTTP/1.1 200 OK"
14:53:48,588 httpx INFO HTTP Request: POST http://localhost:11434/v1/chat/completions "HTTP/1.1 200 OK"
14:53:49,529 httpx INFO HTTP Request: POST http://localhost:11434/v1/chat/completions "HTTP/1.1 200 OK"
14:53:50,613 httpx INFO HTTP Request: POST http://localhost:11434/v1/chat/completions "HTTP/1.1 200 OK"
14:53:51,811 httpx INFO HTTP Request: POST http://localhost:11434/v1/chat/completions "HTTP/1.1 200 OK"
14:53:51,845 graphrag.utils.storage INFO reading table from storage: base_relationship_edges.parquet
14:53:58,53 graphrag.utils.storage INFO reading table from storage: base_entity_nodes.parquet
14:53:58,265 graphrag.utils.storage INFO reading table from storage: base_relationship_edges.parquet
14:53:58,374 graphrag.utils.storage INFO reading table from storage: base_entity_nodes.parquet
14:53:58,376 graphrag.utils.storage INFO reading table from storage: base_relationship_edges.parquet
14:53:58,378 graphrag.utils.storage INFO reading table from storage: base_communities.parquet
14:53:58,593 graphrag.utils.storage INFO reading table from storage: base_entity_nodes.parquet
14:53:58,595 graphrag.utils.storage INFO reading table from storage: base_relationship_edges.parquet
14:53:58,598 graphrag.utils.storage INFO reading table from storage: base_communities.parquet
14:53:58,809 graphrag.utils.storage INFO reading table from storage: create_base_text_units.parquet
14:53:58,811 graphrag.utils.storage INFO reading table from storage: create_final_entities.parquet
14:53:58,818 graphrag.utils.storage INFO reading table from storage: create_final_relationships.parquet
14:53:59,31 graphrag.utils.storage INFO reading table from storage: create_final_nodes.parquet
14:53:59,37 graphrag.utils.storage INFO reading table from storage: create_final_relationships.parquet
14:53:59,40 graphrag.utils.storage INFO reading table from storage: create_final_entities.parquet
14:53:59,42 graphrag.utils.storage INFO reading table from storage: create_final_communities.parquet
14:53:59,227 graphrag.index.operations.summarize_communities.prepare_community_reports INFO Number of nodes at level=2 => 29
14:53:59,274 graphrag.index.operations.summarize_communities.prepare_community_reports INFO Number of nodes at level=1 => 340
14:53:59,552 graphrag.index.operations.summarize_communities.prepare_community_reports INFO Number of nodes at level=0 => 402
14:54:21,372 httpx INFO HTTP Request: POST http://localhost:11434/v1/chat/completions "HTTP/1.1 200 OK"
14:54:29,820 httpx INFO HTTP Request: POST http://localhost:11434/v1/chat/completions "HTTP/1.1 200 OK"
14:54:52,715 httpx INFO HTTP Request: POST http://localhost:11434/v1/chat/completions "HTTP/1.1 200 OK"
14:55:03,545 httpx INFO HTTP Request: POST http://localhost:11434/v1/chat/completions "HTTP/1.1 200 OK"
14:55:12,766 httpx INFO HTTP Request: POST http://localhost:11434/v1/chat/completions "HTTP/1.1 200 OK"
14:55:22,105 httpx INFO HTTP Request: POST http://localhost:11434/v1/chat/completions "HTTP/1.1 200 OK"
14:55:33,945 httpx INFO HTTP Request: POST http://localhost:11434/v1/chat/completions "HTTP/1.1 200 OK"
14:55:44,727 httpx INFO HTTP Request: POST http://localhost:11434/v1/chat/completions "HTTP/1.1 200 OK"
14:55:56,566 httpx INFO HTTP Request: POST http://localhost:11434/v1/chat/completions "HTTP/1.1 200 OK"
14:56:06,32 httpx INFO HTTP Request: POST http://localhost:11434/v1/chat/completions "HTTP/1.1 200 OK"
14:56:25,457 httpx INFO HTTP Request: POST http://localhost:11434/v1/chat/completions "HTTP/1.1 200 OK"
14:56:36,65 httpx INFO HTTP Request: POST http://localhost:11434/v1/chat/completions "HTTP/1.1 200 OK"
14:56:47,636 httpx INFO HTTP Request: POST http://localhost:11434/v1/chat/completions "HTTP/1.1 200 OK"
14:56:57,881 httpx INFO HTTP Request: POST http://localhost:11434/v1/chat/completions "HTTP/1.1 200 OK"
14:57:07,0 httpx INFO HTTP Request: POST http://localhost:11434/v1/chat/completions "HTTP/1.1 200 OK"
14:57:16,545 httpx INFO HTTP Request: POST http://localhost:11434/v1/chat/completions "HTTP/1.1 200 OK"
14:57:25,952 httpx INFO HTTP Request: POST http://localhost:11434/v1/chat/completions "HTTP/1.1 200 OK"
14:57:37,137 httpx INFO HTTP Request: POST http://localhost:11434/v1/chat/completions "HTTP/1.1 200 OK"
14:57:46,116 httpx INFO HTTP Request: POST http://localhost:11434/v1/chat/completions "HTTP/1.1 200 OK"
14:57:54,990 httpx INFO HTTP Request: POST http://localhost:11434/v1/chat/completions "HTTP/1.1 200 OK"
14:58:03,745 httpx INFO HTTP Request: POST http://localhost:11434/v1/chat/completions "HTTP/1.1 200 OK"
14:58:13,324 httpx INFO HTTP Request: POST http://localhost:11434/v1/chat/completions "HTTP/1.1 200 OK"
14:58:27,55 httpx INFO HTTP Request: POST http://localhost:11434/v1/chat/completions "HTTP/1.1 200 OK"
14:58:40,94 httpx INFO HTTP Request: POST http://localhost:11434/v1/chat/completions "HTTP/1.1 200 OK"
14:58:48,952 httpx INFO HTTP Request: POST http://localhost:11434/v1/chat/completions "HTTP/1.1 200 OK"
14:58:59,220 httpx INFO HTTP Request: POST http://localhost:11434/v1/chat/completions "HTTP/1.1 200 OK"
14:59:12,67 httpx INFO HTTP Request: POST http://localhost:11434/v1/chat/completions "HTTP/1.1 200 OK"
14:59:21,643 httpx INFO HTTP Request: POST http://localhost:11434/v1/chat/completions "HTTP/1.1 200 OK"
14:59:33,733 httpx INFO HTTP Request: POST http://localhost:11434/v1/chat/completions "HTTP/1.1 200 OK"
14:59:43,746 httpx INFO HTTP Request: POST http://localhost:11434/v1/chat/completions "HTTP/1.1 200 OK"
14:59:51,958 httpx INFO HTTP Request: POST http://localhost:11434/v1/chat/completions "HTTP/1.1 200 OK"
15:00:01,885 httpx INFO HTTP Request: POST http://localhost:11434/v1/chat/completions "HTTP/1.1 200 OK"
15:00:13,62 httpx INFO HTTP Request: POST http://localhost:11434/v1/chat/completions "HTTP/1.1 200 OK"
15:00:33,356 httpx INFO HTTP Request: POST http://localhost:11434/v1/chat/completions "HTTP/1.1 200 OK"
15:00:41,232 httpx INFO HTTP Request: POST http://localhost:11434/v1/chat/completions "HTTP/1.1 200 OK"
15:00:48,369 httpx INFO HTTP Request: POST http://localhost:11434/v1/chat/completions "HTTP/1.1 200 OK"
15:00:59,739 httpx INFO HTTP Request: POST http://localhost:11434/v1/chat/completions "HTTP/1.1 200 OK"
15:01:09,396 httpx INFO HTTP Request: POST http://localhost:11434/v1/chat/completions "HTTP/1.1 200 OK"
15:01:20,627 httpx INFO HTTP Request: POST http://localhost:11434/v1/chat/completions "HTTP/1.1 200 OK"
15:01:31,572 httpx INFO HTTP Request: POST http://localhost:11434/v1/chat/completions "HTTP/1.1 200 OK"
15:01:42,29 httpx INFO HTTP Request: POST http://localhost:11434/v1/chat/completions "HTTP/1.1 200 OK"
15:01:52,455 httpx INFO HTTP Request: POST http://localhost:11434/v1/chat/completions "HTTP/1.1 200 OK"
15:02:03,86 httpx INFO HTTP Request: POST http://localhost:11434/v1/chat/completions "HTTP/1.1 200 OK"
15:02:12,891 httpx INFO HTTP Request: POST http://localhost:11434/v1/chat/completions "HTTP/1.1 200 OK"
15:02:23,313 httpx INFO HTTP Request: POST http://localhost:11434/v1/chat/completions "HTTP/1.1 200 OK"
15:02:39,360 httpx INFO HTTP Request: POST http://localhost:11434/v1/chat/completions "HTTP/1.1 200 OK"
15:02:47,983 httpx INFO HTTP Request: POST http://localhost:11434/v1/chat/completions "HTTP/1.1 200 OK"
15:02:57,191 httpx INFO HTTP Request: POST http://localhost:11434/v1/chat/completions "HTTP/1.1 200 OK"
15:03:07,49 httpx INFO HTTP Request: POST http://localhost:11434/v1/chat/completions "HTTP/1.1 200 OK"
15:03:17,906 httpx INFO HTTP Request: POST http://localhost:11434/v1/chat/completions "HTTP/1.1 200 OK"
15:03:30,568 httpx INFO HTTP Request: POST http://localhost:11434/v1/chat/completions "HTTP/1.1 200 OK"
15:03:41,792 httpx INFO HTTP Request: POST http://localhost:11434/v1/chat/completions "HTTP/1.1 200 OK"
15:03:52,715 httpx INFO HTTP Request: POST http://localhost:11434/v1/chat/completions "HTTP/1.1 200 OK"
15:04:05,830 httpx INFO HTTP Request: POST http://localhost:11434/v1/chat/completions "HTTP/1.1 200 OK"
15:04:13,232 httpx INFO HTTP Request: POST http://localhost:11434/v1/chat/completions "HTTP/1.1 200 OK"
15:04:22,201 httpx INFO HTTP Request: POST http://localhost:11434/v1/chat/completions "HTTP/1.1 200 OK"
15:04:48,549 httpx INFO HTTP Request: POST http://localhost:11434/v1/chat/completions "HTTP/1.1 200 OK"
15:05:00,124 httpx INFO HTTP Request: POST http://localhost:11434/v1/chat/completions "HTTP/1.1 200 OK"
15:05:14,208 httpx INFO HTTP Request: POST http://localhost:11434/v1/chat/completions "HTTP/1.1 200 OK"
15:05:23,317 httpx INFO HTTP Request: POST http://localhost:11434/v1/chat/completions "HTTP/1.1 200 OK"
15:05:37,638 httpx INFO HTTP Request: POST http://localhost:11434/v1/chat/completions "HTTP/1.1 200 OK"
15:05:55,436 httpx INFO HTTP Request: POST http://localhost:11434/v1/chat/completions "HTTP/1.1 200 OK"
15:06:11,505 httpx INFO HTTP Request: POST http://localhost:11434/v1/chat/completions "HTTP/1.1 200 OK"
15:06:31,892 httpx INFO HTTP Request: POST http://localhost:11434/v1/chat/completions "HTTP/1.1 200 OK"
15:06:42,565 httpx INFO HTTP Request: POST http://localhost:11434/v1/chat/completions "HTTP/1.1 200 OK"
15:07:02,463 httpx INFO HTTP Request: POST http://localhost:11434/v1/chat/completions "HTTP/1.1 200 OK"
15:07:26,683 httpx INFO HTTP Request: POST http://localhost:11434/v1/chat/completions "HTTP/1.1 200 OK"
15:07:41,29 httpx INFO HTTP Request: POST http://localhost:11434/v1/chat/completions "HTTP/1.1 200 OK"
15:07:55,312 httpx INFO HTTP Request: POST http://localhost:11434/v1/chat/completions "HTTP/1.1 200 OK"
15:08:01,167 httpx INFO HTTP Request: POST http://localhost:11434/v1/chat/completions "HTTP/1.1 200 OK"
15:08:11,506 httpx INFO HTTP Request: POST http://localhost:11434/v1/chat/completions "HTTP/1.1 200 OK"
15:08:26,163 httpx INFO HTTP Request: POST http://localhost:11434/v1/chat/completions "HTTP/1.1 200 OK"
15:08:32,28 httpx INFO HTTP Request: POST http://localhost:11434/v1/chat/completions "HTTP/1.1 200 OK"
15:08:37,948 httpx INFO HTTP Request: POST http://localhost:11434/v1/chat/completions "HTTP/1.1 200 OK"
15:08:43,866 httpx INFO HTTP Request: POST http://localhost:11434/v1/chat/completions "HTTP/1.1 200 OK"
15:08:43,868 graphrag.index.operations.summarize_communities.community_reports_extractor.community_reports_extractor ERROR error generating community report
Traceback (most recent call last):
  File "C:\Users\shawn\AppData\Local\Programs\Python\Python311\Lib\site-packages\fnllm\services\json.py", line 192, in _parse_json_string
    return json.loads(value) if value else None
           ^^^^^^^^^^^^^^^^^
  File "C:\Users\shawn\AppData\Local\Programs\Python\Python311\Lib\json\__init__.py", line 346, in loads
    return _default_decoder.decode(s)
           ^^^^^^^^^^^^^^^^^^^^^^^^^^
  File "C:\Users\shawn\AppData\Local\Programs\Python\Python311\Lib\json\decoder.py", line 337, in decode
    obj, end = self.raw_decode(s, idx=_w(s, 0).end())
               ^^^^^^^^^^^^^^^^^^^^^^^^^^^^^^^^^^^^^^
  File "C:\Users\shawn\AppData\Local\Programs\Python\Python311\Lib\json\decoder.py", line 353, in raw_decode
    obj, end = self.scan_once(s, idx)
               ^^^^^^^^^^^^^^^^^^^^^^
json.decoder.JSONDecodeError: Expecting ':' delimiter: line 4 column 33 (char 202)

The above exception was the direct cause of the following exception:

Traceback (most recent call last):
  File "C:\Users\shawn\AppData\Local\Programs\Python\Python311\Lib\site-packages\fnllm\services\json.py", line 162, in invoke_json
    return await self.try_receive_json(delegate, prompt, kwargs)
           ^^^^^^^^^^^^^^^^^^^^^^^^^^^^^^^^^^^^^^^^^^^^^^^^^^^^^
  File "C:\Users\shawn\AppData\Local\Programs\Python\Python311\Lib\site-packages\fnllm\services\json.py", line 180, in try_receive_json
    raw_json = self._parse_json_string(json_string)
               ^^^^^^^^^^^^^^^^^^^^^^^^^^^^^^^^^^^^
  File "C:\Users\shawn\AppData\Local\Programs\Python\Python311\Lib\site-packages\fnllm\services\json.py", line 195, in _parse_json_string
    raise FailedToGenerateValidJsonError(msg) from err
fnllm.services.errors.FailedToGenerateValidJsonError: JSON response is not a valid JSON, response={
    "The study aims to build a platform for generating other value-added carotenoids through metabolic engineering and fermentation processes in Yarrowia lipolytica,"

                                .

The above exception was the direct cause of the following exception:

Traceback (most recent call last):
  File "C:\Users\shawn\AppData\Local\Programs\Python\Python311\Lib\site-packages\fnllm\base\base.py", line 112, in __call__
    return await self._invoke(prompt, **kwargs)
           ^^^^^^^^^^^^^^^^^^^^^^^^^^^^^^^^^^^^
  File "C:\Users\shawn\AppData\Local\Programs\Python\Python311\Lib\site-packages\fnllm\base\base.py", line 128, in _invoke
    return await self._decorated_target(prompt, **kwargs)
           ^^^^^^^^^^^^^^^^^^^^^^^^^^^^^^^^^^^^^^^^^^^^^^
  File "C:\Users\shawn\AppData\Local\Programs\Python\Python311\Lib\site-packages\fnllm\services\json.py", line 70, in invoke
    return await this.invoke_json(delegate, prompt, kwargs)
           ^^^^^^^^^^^^^^^^^^^^^^^^^^^^^^^^^^^^^^^^^^^^^^^^
  File "C:\Users\shawn\AppData\Local\Programs\Python\Python311\Lib\site-packages\fnllm\services\json.py", line 166, in invoke_json
    raise FailedToGenerateValidJsonError from error
fnllm.services.errors.FailedToGenerateValidJsonError

During handling of the above exception, another exception occurred:

Traceback (most recent call last):
  File "C:\Users\shawn\AppData\Local\Programs\Python\Python311\Lib\site-packages\graphrag\index\operations\summarize_communities\community_reports_extractor\community_reports_extractor.py", line 80, in __call__
    response = await self._llm(
               ^^^^^^^^^^^^^^^^
  File "C:\Users\shawn\AppData\Local\Programs\Python\Python311\Lib\site-packages\fnllm\openai\llm\chat.py", line 83, in __call__
    return await self._text_chat_llm(prompt, **kwargs)
           ^^^^^^^^^^^^^^^^^^^^^^^^^^^^^^^^^^^^^^^^^^^
  File "C:\Users\shawn\AppData\Local\Programs\Python\Python311\Lib\site-packages\fnllm\openai\llm\features\tools_parsing.py", line 120, in __call__
    return await self._delegate(prompt, **kwargs)
           ^^^^^^^^^^^^^^^^^^^^^^^^^^^^^^^^^^^^^^
  File "C:\Users\shawn\AppData\Local\Programs\Python\Python311\Lib\site-packages\fnllm\base\base.py", line 116, in __call__
    await self._events.on_error(
  File "C:\Users\shawn\AppData\Local\Programs\Python\Python311\Lib\site-packages\graphrag\index\llm\load_llm.py", line 52, in on_error
    self._on_error(error, traceback, arguments)
  File "C:\Users\shawn\AppData\Local\Programs\Python\Python311\Lib\site-packages\graphrag\index\llm\load_llm.py", line 169, in on_error
    callbacks.error("Error Invoking LLM", error, stack, details)
  File "C:\Users\shawn\AppData\Local\Programs\Python\Python311\Lib\site-packages\graphrag\callbacks\workflow_callbacks_manager.py", line 51, in error
    callback.error(message, cause, stack, details)
  File "C:\Users\shawn\AppData\Local\Programs\Python\Python311\Lib\site-packages\graphrag\callbacks\file_workflow_callbacks.py", line 37, in error
    json.dumps(
  File "C:\Users\shawn\AppData\Local\Programs\Python\Python311\Lib\json\__init__.py", line 238, in dumps
    **kw).encode(obj)
          ^^^^^^^^^^^
  File "C:\Users\shawn\AppData\Local\Programs\Python\Python311\Lib\json\encoder.py", line 202, in encode
    chunks = list(chunks)
             ^^^^^^^^^^^^
  File "C:\Users\shawn\AppData\Local\Programs\Python\Python311\Lib\json\encoder.py", line 432, in _iterencode
    yield from _iterencode_dict(o, _current_indent_level)
  File "C:\Users\shawn\AppData\Local\Programs\Python\Python311\Lib\json\encoder.py", line 406, in _iterencode_dict
    yield from chunks
  File "C:\Users\shawn\AppData\Local\Programs\Python\Python311\Lib\json\encoder.py", line 406, in _iterencode_dict
    yield from chunks
  File "C:\Users\shawn\AppData\Local\Programs\Python\Python311\Lib\json\encoder.py", line 406, in _iterencode_dict
    yield from chunks
  File "C:\Users\shawn\AppData\Local\Programs\Python\Python311\Lib\json\encoder.py", line 439, in _iterencode
    o = _default(o)
        ^^^^^^^^^^^
  File "C:\Users\shawn\AppData\Local\Programs\Python\Python311\Lib\json\encoder.py", line 180, in default
    raise TypeError(f'Object of type {o.__class__.__name__} '
TypeError: Object of type ModelMetaclass is not JSON serializable
15:08:43,899 graphrag.callbacks.file_workflow_callbacks INFO Community Report Extraction Error details=None
15:08:43,899 graphrag.index.operations.summarize_communities.strategies WARNING No report found for community: 10
15:08:44,126 graphrag.utils.storage INFO reading table from storage: create_final_documents.parquet
15:08:44,136 graphrag.utils.storage INFO reading table from storage: create_final_relationships.parquet
15:08:44,139 graphrag.utils.storage INFO reading table from storage: create_final_text_units.parquet
15:08:44,145 graphrag.utils.storage INFO reading table from storage: create_final_entities.parquet
15:08:44,147 graphrag.utils.storage INFO reading table from storage: create_final_community_reports.parquet
15:08:44,157 graphrag.index.flows.generate_text_embeddings INFO Creating embeddings
15:08:44,158 graphrag.index.operations.embed_text.embed_text INFO using vector store lancedb with container_name default for embedding entity.description: default-entity-description
15:08:44,244 graphrag.index.operations.embed_text.strategies.openai INFO embedding 500 inputs via 500 snippets using 32 batches. max_batch_size=16, max_tokens=8191
15:08:45,165 httpx INFO HTTP Request: POST http://localhost:11434/v1/embeddings "HTTP/1.1 200 OK"
15:08:46,19 httpx INFO HTTP Request: POST http://localhost:11434/v1/embeddings "HTTP/1.1 200 OK"
15:08:46,523 httpx INFO HTTP Request: POST http://localhost:11434/v1/embeddings "HTTP/1.1 200 OK"
15:08:47,51 httpx INFO HTTP Request: POST http://localhost:11434/v1/embeddings "HTTP/1.1 200 OK"
15:08:47,600 httpx INFO HTTP Request: POST http://localhost:11434/v1/embeddings "HTTP/1.1 200 OK"
15:08:48,266 httpx INFO HTTP Request: POST http://localhost:11434/v1/embeddings "HTTP/1.1 200 OK"
15:08:48,864 httpx INFO HTTP Request: POST http://localhost:11434/v1/embeddings "HTTP/1.1 200 OK"
15:08:49,376 httpx INFO HTTP Request: POST http://localhost:11434/v1/embeddings "HTTP/1.1 200 OK"
15:08:49,844 httpx INFO HTTP Request: POST http://localhost:11434/v1/embeddings "HTTP/1.1 200 OK"
15:08:50,393 httpx INFO HTTP Request: POST http://localhost:11434/v1/embeddings "HTTP/1.1 200 OK"
15:08:50,919 httpx INFO HTTP Request: POST http://localhost:11434/v1/embeddings "HTTP/1.1 200 OK"
15:08:51,481 httpx INFO HTTP Request: POST http://localhost:11434/v1/embeddings "HTTP/1.1 200 OK"
15:08:51,970 httpx INFO HTTP Request: POST http://localhost:11434/v1/embeddings "HTTP/1.1 200 OK"
15:08:52,455 httpx INFO HTTP Request: POST http://localhost:11434/v1/embeddings "HTTP/1.1 200 OK"
15:08:52,988 httpx INFO HTTP Request: POST http://localhost:11434/v1/embeddings "HTTP/1.1 200 OK"
15:08:53,632 httpx INFO HTTP Request: POST http://localhost:11434/v1/embeddings "HTTP/1.1 200 OK"
15:08:54,121 httpx INFO HTTP Request: POST http://localhost:11434/v1/embeddings "HTTP/1.1 200 OK"
15:08:54,620 httpx INFO HTTP Request: POST http://localhost:11434/v1/embeddings "HTTP/1.1 200 OK"
15:08:55,113 httpx INFO HTTP Request: POST http://localhost:11434/v1/embeddings "HTTP/1.1 200 OK"
15:08:55,595 httpx INFO HTTP Request: POST http://localhost:11434/v1/embeddings "HTTP/1.1 200 OK"
15:08:56,95 httpx INFO HTTP Request: POST http://localhost:11434/v1/embeddings "HTTP/1.1 200 OK"
15:08:56,604 httpx INFO HTTP Request: POST http://localhost:11434/v1/embeddings "HTTP/1.1 200 OK"
15:08:57,95 httpx INFO HTTP Request: POST http://localhost:11434/v1/embeddings "HTTP/1.1 200 OK"
15:08:57,533 httpx INFO HTTP Request: POST http://localhost:11434/v1/embeddings "HTTP/1.1 200 OK"
15:08:58,16 httpx INFO HTTP Request: POST http://localhost:11434/v1/embeddings "HTTP/1.1 200 OK"
15:08:58,509 httpx INFO HTTP Request: POST http://localhost:11434/v1/embeddings "HTTP/1.1 200 OK"
15:08:59,4 httpx INFO HTTP Request: POST http://localhost:11434/v1/embeddings "HTTP/1.1 200 OK"
15:08:59,489 httpx INFO HTTP Request: POST http://localhost:11434/v1/embeddings "HTTP/1.1 200 OK"
15:08:59,932 httpx INFO HTTP Request: POST http://localhost:11434/v1/embeddings "HTTP/1.1 200 OK"
15:09:00,388 httpx INFO HTTP Request: POST http://localhost:11434/v1/embeddings "HTTP/1.1 200 OK"
15:09:00,871 httpx INFO HTTP Request: POST http://localhost:11434/v1/embeddings "HTTP/1.1 200 OK"
15:09:01,82 httpx INFO HTTP Request: POST http://localhost:11434/v1/embeddings "HTTP/1.1 200 OK"
15:09:01,482 graphrag.index.operations.embed_text.strategies.openai INFO embedding 6 inputs via 6 snippets using 1 batches. max_batch_size=16, max_tokens=8191
15:09:01,684 httpx INFO HTTP Request: POST http://localhost:11434/v1/embeddings "HTTP/1.1 200 OK"
15:09:01,804 graphrag.index.operations.embed_text.embed_text INFO using vector store lancedb with container_name default for embedding text_unit.text: default-text_unit-text
15:09:01,828 graphrag.index.operations.embed_text.strategies.openai INFO embedding 64 inputs via 64 snippets using 5 batches. max_batch_size=16, max_tokens=8191
15:09:04,278 httpx INFO HTTP Request: POST http://localhost:11434/v1/embeddings "HTTP/1.1 200 OK"
15:09:06,339 httpx INFO HTTP Request: POST http://localhost:11434/v1/embeddings "HTTP/1.1 200 OK"
15:09:08,617 httpx INFO HTTP Request: POST http://localhost:11434/v1/embeddings "HTTP/1.1 200 OK"
15:09:10,900 httpx INFO HTTP Request: POST http://localhost:11434/v1/embeddings "HTTP/1.1 200 OK"
15:09:13,195 httpx INFO HTTP Request: POST http://localhost:11434/v1/embeddings "HTTP/1.1 200 OK"
15:09:13,408 graphrag.index.operations.embed_text.embed_text INFO using vector store lancedb with container_name default for embedding community.full_content: default-community-full_content
15:09:13,429 graphrag.index.operations.embed_text.strategies.openai INFO embedding 71 inputs via 71 snippets using 5 batches. max_batch_size=16, max_tokens=8191
15:09:15,672 httpx INFO HTTP Request: POST http://localhost:11434/v1/embeddings "HTTP/1.1 200 OK"
15:09:18,15 httpx INFO HTTP Request: POST http://localhost:11434/v1/embeddings "HTTP/1.1 200 OK"
15:09:20,387 httpx INFO HTTP Request: POST http://localhost:11434/v1/embeddings "HTTP/1.1 200 OK"
15:09:22,711 httpx INFO HTTP Request: POST http://localhost:11434/v1/embeddings "HTTP/1.1 200 OK"
15:09:25,171 httpx INFO HTTP Request: POST http://localhost:11434/v1/embeddings "HTTP/1.1 200 OK"
15:09:25,589 graphrag.cli.index INFO All workflows completed successfully.
